<?xml version="1.0" encoding="UTF-8"?>
<testng-results ignored="0" total="4" passed="4" failed="0" skipped="0">
  <reporter-output>
  </reporter-output>
  <suite started-at="2023-04-06T09:53:11 IST" name="Testcases" finished-at="2023-04-06T09:53:11 IST" duration-ms="39">
    <groups>
    </groups>
    <test started-at="2023-04-06T09:53:11 IST" name="tests" finished-at="2023-04-06T09:53:11 IST" duration-ms="39">
      <class name="com.sgtesting.tests.users">
        <test-method signature="method1()[pri:0, instance:com.sgtesting.tests.users@4e7912d8]" started-at="2023-04-06T09:53:11 IST" name="method1" finished-at="2023-04-06T09:53:11 IST" duration-ms="4" status="PASS">
          <reporter-output>
          </reporter-output>
        </test-method> <!-- method1 -->
        <test-method signature="method2()[pri:0, instance:com.sgtesting.tests.users@4e7912d8]" started-at="2023-04-06T09:53:11 IST" name="method2" finished-at="2023-04-06T09:53:11 IST" duration-ms="1" status="PASS">
          <reporter-output>
          </reporter-output>
        </test-method> <!-- method2 -->
        <test-method signature="method3()[pri:0, instance:com.sgtesting.tests.users@4e7912d8]" started-at="2023-04-06T09:53:11 IST" name="method3" finished-at="2023-04-06T09:53:11 IST" duration-ms="0" status="PASS">
          <reporter-output>
          </reporter-output>
        </test-method> <!-- method3 -->
        <test-method signature="method4()[pri:0, instance:com.sgtesting.tests.users@4e7912d8]" started-at="2023-04-06T09:53:11 IST" name="method4" finished-at="2023-04-06T09:53:11 IST" duration-ms="1" status="PASS">
          <reporter-output>
          </reporter-output>
        </test-method> <!-- method4 -->
      </class> <!-- com.sgtesting.tests.users -->
    </test> <!-- tests -->
  </suite> <!-- Testcases -->
</testng-results>
