<?xml version="1.0" encoding="UTF-8"?>
<!-- Generated by org.testng.reporters.JUnitXMLReporter -->
<testsuite ignored="0" hostname="DELL" failures="0" tests="4" name="Default test" time="0.066" errors="0" timestamp="2023-04-07T09:09:08 IST">
  <testcase classname="com.sgtesting.tests.users" name="method1" time="0.01"/>
  <testcase classname="com.sgtesting.tests.users" name="method2" time="0.003"/>
  <testcase classname="com.sgtesting.tests.users" name="method3" time="0.002"/>
  <testcase classname="com.sgtesting.tests.users" name="method4" time="0.003"/>
</testsuite> <!-- Default test -->
