<?xml version="1.0" encoding="UTF-8"?>
<!-- Generated by org.testng.reporters.JUnitXMLReporter -->
<testsuite ignored="0" hostname="DELL" failures="0" tests="4" name="tests" time="0.057" errors="0" timestamp="2023-04-06T09:45:24 IST">
  <testcase classname="com.sgtesting.tests.users" name="method1" time="0.008"/>
  <testcase classname="com.sgtesting.tests.users" name="method2" time="0.001"/>
  <testcase classname="com.sgtesting.tests.users" name="method3" time="0.001"/>
  <testcase classname="com.sgtesting.tests.users" name="method4" time="0.0"/>
</testsuite> <!-- tests -->
